{"/home/binduk/REACT/blinkist-react/src/App.tsx": {"path":"/home/binduk/REACT/blinkist-react/src/App.tsx","statementMap":{"0":{"start":{"line":11,"column":18},"end":{"line":13,"column":3}},"1":{"start":{"line":11,"column":39},"end":{"line":13,"column":1}},"2":{"start":{"line":16,"column":16},"end":{"line":16,"column":27}},"3":{"start":{"line":17,"column":23},"end":{"line":17,"column":34}},"4":{"start":{"line":18,"column":36},"end":{"line":18,"column":48}},"5":{"start":{"line":19,"column":19},"end":{"line":23,"column":7}},"6":{"start":{"line":20,"column":6},"end":{"line":20,"column":22}},"7":{"start":{"line":21,"column":6},"end":{"line":21,"column":18}},"8":{"start":{"line":22,"column":6},"end":{"line":22,"column":22}},"9":{"start":{"line":25,"column":2},"end":{"line":52,"column":4}}},"fnMap":{"0":{"name":"(anonymous_0)","decl":{"start":{"line":11,"column":29},"end":{"line":11,"column":30}},"loc":{"start":{"line":11,"column":39},"end":{"line":13,"column":1}},"line":11},"1":{"name":"App","decl":{"start":{"line":15,"column":9},"end":{"line":15,"column":12}},"loc":{"start":{"line":15,"column":14},"end":{"line":53,"column":1}},"line":15},"2":{"name":"(anonymous_2)","decl":{"start":{"line":19,"column":19},"end":{"line":19,"column":20}},"loc":{"start":{"line":19,"column":34},"end":{"line":23,"column":7}},"line":19}},"branchMap":{"0":{"loc":{"start":{"line":31,"column":2},"end":{"line":33,"column":47}},"type":"binary-expr","locations":[{"start":{"line":31,"column":2},"end":{"line":31,"column":10}},{"start":{"line":31,"column":14},"end":{"line":33,"column":47}}],"line":31},"1":{"loc":{"start":{"line":35,"column":4},"end":{"line":40,"column":10}},"type":"binary-expr","locations":[{"start":{"line":35,"column":4},"end":{"line":35,"column":12}},{"start":{"line":35,"column":16},"end":{"line":40,"column":10}}],"line":35},"2":{"loc":{"start":{"line":42,"column":1},"end":{"line":42,"column":52}},"type":"binary-expr","locations":[{"start":{"line":42,"column":1},"end":{"line":42,"column":9}},{"start":{"line":42,"column":13},"end":{"line":42,"column":52}}],"line":42},"3":{"loc":{"start":{"line":44,"column":1},"end":{"line":46,"column":47}},"type":"binary-expr","locations":[{"start":{"line":44,"column":1},"end":{"line":44,"column":9}},{"start":{"line":44,"column":13},"end":{"line":46,"column":47}}],"line":44}},"s":{"0":1,"1":1,"2":2,"3":1,"4":1,"5":1,"6":0,"7":0,"8":0,"9":1},"f":{"0":1,"1":2,"2":0},"b":{"0":[1,1],"1":[1,0],"2":[1,0],"3":[1,0]},"_coverageSchema":"1a1c01bbd47fc00a2c39e90264f33305004495a9","hash":"689aa6bd0d99daa80c6315b47bdb1287407ad6c3"}
,"/home/binduk/REACT/blinkist-react/src/atoms/Icons/Icons.tsx": {"path":"/home/binduk/REACT/blinkist-react/src/atoms/Icons/Icons.tsx","statementMap":{"0":{"start":{"line":7,"column":12},"end":{"line":13,"column":1}},"1":{"start":{"line":8,"column":4},"end":{"line":12,"column":6}}},"fnMap":{"0":{"name":"(anonymous_0)","decl":{"start":{"line":7,"column":12},"end":{"line":7,"column":13}},"loc":{"start":{"line":7,"column":28},"end":{"line":13,"column":1}},"line":7}},"branchMap":{},"s":{"0":3,"1":2},"f":{"0":2},"b":{},"_coverageSchema":"1a1c01bbd47fc00a2c39e90264f33305004495a9","hash":"dd935acf3ffc04f975c6c12c679f153085ce42d5"}
,"/home/binduk/REACT/blinkist-react/src/atoms/Image/Image.tsx": {"path":"/home/binduk/REACT/blinkist-react/src/atoms/Image/Image.tsx","statementMap":{"0":{"start":{"line":9,"column":19},"end":{"line":14,"column":1}},"1":{"start":{"line":10,"column":4},"end":{"line":13,"column":6}}},"fnMap":{"0":{"name":"(anonymous_0)","decl":{"start":{"line":9,"column":19},"end":{"line":9,"column":20}},"loc":{"start":{"line":9,"column":36},"end":{"line":14,"column":1}},"line":9}},"branchMap":{},"s":{"0":10,"1":6},"f":{"0":6},"b":{},"_coverageSchema":"1a1c01bbd47fc00a2c39e90264f33305004495a9","hash":"c74f9ab245f1f475d50d6fc5dab9010080716e76"}
,"/home/binduk/REACT/blinkist-react/src/atoms/User/User.tsx": {"path":"/home/binduk/REACT/blinkist-react/src/atoms/User/User.tsx","statementMap":{"0":{"start":{"line":7,"column":11},"end":{"line":11,"column":1}},"1":{"start":{"line":8,"column":4},"end":{"line":10,"column":6}}},"fnMap":{"0":{"name":"(anonymous_0)","decl":{"start":{"line":7,"column":11},"end":{"line":7,"column":12}},"loc":{"start":{"line":7,"column":27},"end":{"line":11,"column":1}},"line":7}},"branchMap":{},"s":{"0":3,"1":2},"f":{"0":2},"b":{},"_coverageSchema":"1a1c01bbd47fc00a2c39e90264f33305004495a9","hash":"b177e51e5031b1e5485ec14ecb8c7dd1bba158df"}
,"/home/binduk/REACT/blinkist-react/src/molecules/Banner/Banner.tsx": {"path":"/home/binduk/REACT/blinkist-react/src/molecules/Banner/Banner.tsx","statementMap":{"0":{"start":{"line":10,"column":18},"end":{"line":12,"column":3}},"1":{"start":{"line":10,"column":39},"end":{"line":12,"column":1}},"2":{"start":{"line":14,"column":13},"end":{"line":43,"column":1}},"3":{"start":{"line":15,"column":19},"end":{"line":15,"column":30}},"4":{"start":{"line":16,"column":4},"end":{"line":42,"column":6}}},"fnMap":{"0":{"name":"(anonymous_0)","decl":{"start":{"line":10,"column":29},"end":{"line":10,"column":30}},"loc":{"start":{"line":10,"column":39},"end":{"line":12,"column":1}},"line":10},"1":{"name":"(anonymous_1)","decl":{"start":{"line":14,"column":13},"end":{"line":14,"column":14}},"loc":{"start":{"line":14,"column":29},"end":{"line":43,"column":1}},"line":14}},"branchMap":{},"s":{"0":2,"1":1,"2":2,"3":1,"4":1},"f":{"0":1,"1":1},"b":{},"_coverageSchema":"1a1c01bbd47fc00a2c39e90264f33305004495a9","hash":"dc25c77a4db7abe317044b2dc5043c734c42b353"}
,"/home/binduk/REACT/blinkist-react/src/molecules/Footer/Footer.tsx": {"path":"/home/binduk/REACT/blinkist-react/src/molecules/Footer/Footer.tsx","statementMap":{"0":{"start":{"line":5,"column":18},"end":{"line":25,"column":3}},"1":{"start":{"line":5,"column":39},"end":{"line":25,"column":1}},"2":{"start":{"line":27,"column":19},"end":{"line":27,"column":30}},"3":{"start":{"line":28,"column":4},"end":{"line":83,"column":6}}},"fnMap":{"0":{"name":"(anonymous_0)","decl":{"start":{"line":5,"column":29},"end":{"line":5,"column":30}},"loc":{"start":{"line":5,"column":39},"end":{"line":25,"column":1}},"line":5},"1":{"name":"Footer","decl":{"start":{"line":26,"column":9},"end":{"line":26,"column":15}},"loc":{"start":{"line":26,"column":18},"end":{"line":84,"column":1}},"line":26}},"branchMap":{},"s":{"0":2,"1":2,"2":2,"3":2},"f":{"0":2,"1":2},"b":{},"_coverageSchema":"1a1c01bbd47fc00a2c39e90264f33305004495a9","hash":"4aae7f8c1c889ff2e9d0f8fe62ef27562e8c1aa4"}
,"/home/binduk/REACT/blinkist-react/src/molecules/Heading/Heading.tsx": {"path":"/home/binduk/REACT/blinkist-react/src/molecules/Heading/Heading.tsx","statementMap":{"0":{"start":{"line":8,"column":18},"end":{"line":14,"column":5}},"1":{"start":{"line":8,"column":39},"end":{"line":14,"column":3}},"2":{"start":{"line":16,"column":14},"end":{"line":27,"column":1}},"3":{"start":{"line":17,"column":19},"end":{"line":17,"column":30}},"4":{"start":{"line":18,"column":4},"end":{"line":26,"column":6}}},"fnMap":{"0":{"name":"(anonymous_0)","decl":{"start":{"line":8,"column":29},"end":{"line":8,"column":30}},"loc":{"start":{"line":8,"column":39},"end":{"line":14,"column":3}},"line":8},"1":{"name":"(anonymous_1)","decl":{"start":{"line":16,"column":14},"end":{"line":16,"column":15}},"loc":{"start":{"line":16,"column":30},"end":{"line":27,"column":1}},"line":16}},"branchMap":{},"s":{"0":2,"1":2,"2":2,"3":2,"4":2},"f":{"0":2,"1":2},"b":{},"_coverageSchema":"1a1c01bbd47fc00a2c39e90264f33305004495a9","hash":"095c90563e44eb4bc0750d02835ecf1f453cebda"}
,"/home/binduk/REACT/blinkist-react/src/molecules/MyTabs/MyTabs.tsx": {"path":"/home/binduk/REACT/blinkist-react/src/molecules/MyTabs/MyTabs.tsx","statementMap":{"0":{"start":{"line":6,"column":13},"end":{"line":16,"column":1}},"1":{"start":{"line":7,"column":4},"end":{"line":15,"column":6}}},"fnMap":{"0":{"name":"(anonymous_0)","decl":{"start":{"line":6,"column":13},"end":{"line":6,"column":14}},"loc":{"start":{"line":6,"column":29},"end":{"line":16,"column":1}},"line":6}},"branchMap":{},"s":{"0":3,"1":2},"f":{"0":2},"b":{},"_coverageSchema":"1a1c01bbd47fc00a2c39e90264f33305004495a9","hash":"f37e4205459d5e7fe8e2953b3fe18bd57916128e"}
,"/home/binduk/REACT/blinkist-react/src/organisms/Dropdown/Dropdown.tsx": {"path":"/home/binduk/REACT/blinkist-react/src/organisms/Dropdown/Dropdown.tsx","statementMap":{"0":{"start":{"line":31,"column":18},"end":{"line":92,"column":5}},"1":{"start":{"line":31,"column":39},"end":{"line":92,"column":3}},"2":{"start":{"line":94,"column":19},"end":{"line":108,"column":4}},"3":{"start":{"line":116,"column":15},"end":{"line":367,"column":1}},"4":{"start":{"line":117,"column":27},"end":{"line":117,"column":38}},"5":{"start":{"line":118,"column":32},"end":{"line":118,"column":43}},"6":{"start":{"line":120,"column":18},"end":{"line":120,"column":29}},"7":{"start":{"line":121,"column":24},"end":{"line":123,"column":9}},"8":{"start":{"line":122,"column":8},"end":{"line":122,"column":44}},"9":{"start":{"line":124,"column":23},"end":{"line":127,"column":5}},"10":{"start":{"line":125,"column":6},"end":{"line":125,"column":20}},"11":{"start":{"line":126,"column":6},"end":{"line":126,"column":40}},"12":{"start":{"line":129,"column":19},"end":{"line":132,"column":5}},"13":{"start":{"line":130,"column":8},"end":{"line":130,"column":32}},"14":{"start":{"line":131,"column":8},"end":{"line":131,"column":44}},"15":{"start":{"line":133,"column":22},"end":{"line":135,"column":5}},"16":{"start":{"line":134,"column":8},"end":{"line":134,"column":28}},"17":{"start":{"line":137,"column":4},"end":{"line":366,"column":6}},"18":{"start":{"line":149,"column":55},"end":{"line":149,"column":72}},"19":{"start":{"line":158,"column":30},"end":{"line":158,"column":46}},"20":{"start":{"line":171,"column":88},"end":{"line":171,"column":102}},"21":{"start":{"line":177,"column":14},"end":{"line":177,"column":49}},"22":{"start":{"line":182,"column":52},"end":{"line":182,"column":69}},"23":{"start":{"line":222,"column":39},"end":{"line":222,"column":52}}},"fnMap":{"0":{"name":"(anonymous_0)","decl":{"start":{"line":31,"column":29},"end":{"line":31,"column":30}},"loc":{"start":{"line":31,"column":39},"end":{"line":92,"column":3}},"line":31},"1":{"name":"(anonymous_1)","decl":{"start":{"line":116,"column":15},"end":{"line":116,"column":16}},"loc":{"start":{"line":116,"column":30},"end":{"line":367,"column":1}},"line":116},"2":{"name":"(anonymous_2)","decl":{"start":{"line":121,"column":24},"end":{"line":121,"column":25}},"loc":{"start":{"line":121,"column":120},"end":{"line":123,"column":9}},"line":121},"3":{"name":"(anonymous_3)","decl":{"start":{"line":124,"column":23},"end":{"line":124,"column":24}},"loc":{"start":{"line":124,"column":84},"end":{"line":127,"column":5}},"line":124},"4":{"name":"(anonymous_4)","decl":{"start":{"line":129,"column":19},"end":{"line":129,"column":20}},"loc":{"start":{"line":129,"column":85},"end":{"line":132,"column":5}},"line":129},"5":{"name":"(anonymous_5)","decl":{"start":{"line":133,"column":22},"end":{"line":133,"column":23}},"loc":{"start":{"line":133,"column":73},"end":{"line":135,"column":5}},"line":133},"6":{"name":"(anonymous_6)","decl":{"start":{"line":149,"column":47},"end":{"line":149,"column":48}},"loc":{"start":{"line":149,"column":54},"end":{"line":149,"column":73}},"line":149},"7":{"name":"(anonymous_7)","decl":{"start":{"line":158,"column":25},"end":{"line":158,"column":26}},"loc":{"start":{"line":158,"column":30},"end":{"line":158,"column":46}},"line":158},"8":{"name":"(anonymous_8)","decl":{"start":{"line":171,"column":83},"end":{"line":171,"column":84}},"loc":{"start":{"line":171,"column":88},"end":{"line":171,"column":102}},"line":171},"9":{"name":"(anonymous_9)","decl":{"start":{"line":176,"column":49},"end":{"line":176,"column":50}},"loc":{"start":{"line":176,"column":54},"end":{"line":178,"column":15}},"line":176},"10":{"name":"(anonymous_10)","decl":{"start":{"line":182,"column":44},"end":{"line":182,"column":45}},"loc":{"start":{"line":182,"column":51},"end":{"line":182,"column":70}},"line":182},"11":{"name":"(anonymous_11)","decl":{"start":{"line":222,"column":34},"end":{"line":222,"column":35}},"loc":{"start":{"line":222,"column":39},"end":{"line":222,"column":52}},"line":222}},"branchMap":{"0":{"loc":{"start":{"line":122,"column":8},"end":{"line":122,"column":44}},"type":"cond-expr","locations":[{"start":{"line":122,"column":20},"end":{"line":122,"column":31}},{"start":{"line":122,"column":33},"end":{"line":122,"column":44}}],"line":122},"1":{"loc":{"start":{"line":126,"column":6},"end":{"line":126,"column":40}},"type":"binary-expr","locations":[{"start":{"line":126,"column":6},"end":{"line":126,"column":13}},{"start":{"line":126,"column":17},"end":{"line":126,"column":40}}],"line":126},"2":{"loc":{"start":{"line":131,"column":8},"end":{"line":131,"column":44}},"type":"cond-expr","locations":[{"start":{"line":131,"column":20},"end":{"line":131,"column":31}},{"start":{"line":131,"column":33},"end":{"line":131,"column":44}}],"line":131},"3":{"loc":{"start":{"line":152,"column":15},"end":{"line":172,"column":27}},"type":"binary-expr","locations":[{"start":{"line":152,"column":15},"end":{"line":152,"column":25}},{"start":{"line":152,"column":29},"end":{"line":172,"column":27}}],"line":152},"4":{"loc":{"start":{"line":163,"column":18},"end":{"line":163,"column":84}},"type":"binary-expr","locations":[{"start":{"line":163,"column":18},"end":{"line":163,"column":27}},{"start":{"line":163,"column":31},"end":{"line":163,"column":84}}],"line":163},"5":{"loc":{"start":{"line":164,"column":15},"end":{"line":164,"column":88}},"type":"binary-expr","locations":[{"start":{"line":164,"column":15},"end":{"line":164,"column":24}},{"start":{"line":164,"column":28},"end":{"line":164,"column":88}}],"line":164},"6":{"loc":{"start":{"line":174,"column":17},"end":{"line":188,"column":26}},"type":"binary-expr","locations":[{"start":{"line":174,"column":17},"end":{"line":174,"column":27}},{"start":{"line":174,"column":31},"end":{"line":188,"column":26}}],"line":174},"7":{"loc":{"start":{"line":190,"column":17},"end":{"line":191,"column":23}},"type":"binary-expr","locations":[{"start":{"line":190,"column":17},"end":{"line":190,"column":27}},{"start":{"line":190,"column":30},"end":{"line":191,"column":23}}],"line":190},"8":{"loc":{"start":{"line":193,"column":17},"end":{"line":194,"column":23}},"type":"binary-expr","locations":[{"start":{"line":193,"column":17},"end":{"line":193,"column":27}},{"start":{"line":193,"column":30},"end":{"line":194,"column":23}}],"line":193},"9":{"loc":{"start":{"line":210,"column":2},"end":{"line":361,"column":10}},"type":"binary-expr","locations":[{"start":{"line":210,"column":2},"end":{"line":210,"column":11}},{"start":{"line":210,"column":16},"end":{"line":361,"column":10}}],"line":210}},"s":{"0":2,"1":1,"2":2,"3":2,"4":1,"5":1,"6":1,"7":1,"8":0,"9":1,"10":0,"11":0,"12":1,"13":0,"14":0,"15":1,"16":0,"17":1,"18":0,"19":0,"20":0,"21":0,"22":0,"23":0},"f":{"0":1,"1":1,"2":0,"3":0,"4":0,"5":0,"6":0,"7":0,"8":0,"9":0,"10":0,"11":0},"b":{"0":[0,0],"1":[0,0],"2":[0,0],"3":[1,1],"4":[1,1],"5":[1,0],"6":[1,0],"7":[1,1],"8":[1,0],"9":[1,0]},"_coverageSchema":"1a1c01bbd47fc00a2c39e90264f33305004495a9","hash":"cf7fe1be0aa70df2581d4f64820991db626b212c"}
,"/home/binduk/REACT/blinkist-react/src/organisms/MyCard/MyCard.tsx": {"path":"/home/binduk/REACT/blinkist-react/src/organisms/MyCard/MyCard.tsx","statementMap":{"0":{"start":{"line":13,"column":18},"end":{"line":40,"column":5}},"1":{"start":{"line":13,"column":39},"end":{"line":40,"column":3}},"2":{"start":{"line":55,"column":19},"end":{"line":66,"column":2}},"3":{"start":{"line":67,"column":13},"end":{"line":168,"column":1}},"4":{"start":{"line":68,"column":18},"end":{"line":68,"column":29}},"5":{"start":{"line":69,"column":19},"end":{"line":76,"column":5}},"6":{"start":{"line":70,"column":38},"end":{"line":70,"column":119}},"7":{"start":{"line":70,"column":80},"end":{"line":70,"column":118}},"8":{"start":{"line":71,"column":37},"end":{"line":71,"column":120}},"9":{"start":{"line":71,"column":81},"end":{"line":71,"column":119}},"10":{"start":{"line":72,"column":6},"end":{"line":75,"column":7}},"11":{"start":{"line":73,"column":6},"end":{"line":73,"column":148}},"12":{"start":{"line":74,"column":6},"end":{"line":74,"column":49}},"13":{"start":{"line":78,"column":19},"end":{"line":84,"column":5}},"14":{"start":{"line":79,"column":17},"end":{"line":79,"column":76}},"15":{"start":{"line":79,"column":62},"end":{"line":79,"column":75}},"16":{"start":{"line":80,"column":6},"end":{"line":80,"column":28}},"17":{"start":{"line":81,"column":18},"end":{"line":81,"column":80}},"18":{"start":{"line":81,"column":66},"end":{"line":81,"column":79}},"19":{"start":{"line":82,"column":6},"end":{"line":82,"column":32}},"20":{"start":{"line":83,"column":6},"end":{"line":83,"column":42}},"21":{"start":{"line":86,"column":19},"end":{"line":92,"column":5}},"22":{"start":{"line":87,"column":17},"end":{"line":87,"column":85}},"23":{"start":{"line":87,"column":61},"end":{"line":87,"column":84}},"24":{"start":{"line":88,"column":6},"end":{"line":88,"column":30}},"25":{"start":{"line":89,"column":18},"end":{"line":89,"column":90}},"26":{"start":{"line":89,"column":66},"end":{"line":89,"column":89}},"27":{"start":{"line":90,"column":6},"end":{"line":90,"column":30}},"28":{"start":{"line":91,"column":6},"end":{"line":91,"column":42}},"29":{"start":{"line":94,"column":4},"end":{"line":167,"column":6}},"30":{"start":{"line":126,"column":19},"end":{"line":126,"column":32}},"31":{"start":{"line":141,"column":20},"end":{"line":141,"column":42}},"32":{"start":{"line":155,"column":19},"end":{"line":155,"column":39}}},"fnMap":{"0":{"name":"(anonymous_0)","decl":{"start":{"line":13,"column":29},"end":{"line":13,"column":30}},"loc":{"start":{"line":13,"column":39},"end":{"line":40,"column":3}},"line":13},"1":{"name":"(anonymous_1)","decl":{"start":{"line":67,"column":13},"end":{"line":67,"column":14}},"loc":{"start":{"line":67,"column":29},"end":{"line":168,"column":1}},"line":67},"2":{"name":"(anonymous_2)","decl":{"start":{"line":69,"column":19},"end":{"line":69,"column":20}},"loc":{"start":{"line":69,"column":85},"end":{"line":76,"column":5}},"line":69},"3":{"name":"(anonymous_3)","decl":{"start":{"line":70,"column":52},"end":{"line":70,"column":53}},"loc":{"start":{"line":70,"column":80},"end":{"line":70,"column":118}},"line":70},"4":{"name":"(anonymous_4)","decl":{"start":{"line":71,"column":53},"end":{"line":71,"column":54}},"loc":{"start":{"line":71,"column":81},"end":{"line":71,"column":119}},"line":71},"5":{"name":"(anonymous_5)","decl":{"start":{"line":78,"column":19},"end":{"line":78,"column":20}},"loc":{"start":{"line":78,"column":83},"end":{"line":84,"column":5}},"line":78},"6":{"name":"(anonymous_6)","decl":{"start":{"line":79,"column":35},"end":{"line":79,"column":36}},"loc":{"start":{"line":79,"column":62},"end":{"line":79,"column":75}},"line":79},"7":{"name":"(anonymous_7)","decl":{"start":{"line":81,"column":39},"end":{"line":81,"column":40}},"loc":{"start":{"line":81,"column":66},"end":{"line":81,"column":79}},"line":81},"8":{"name":"(anonymous_8)","decl":{"start":{"line":86,"column":19},"end":{"line":86,"column":20}},"loc":{"start":{"line":86,"column":92},"end":{"line":92,"column":5}},"line":86},"9":{"name":"(anonymous_9)","decl":{"start":{"line":87,"column":33},"end":{"line":87,"column":34}},"loc":{"start":{"line":87,"column":61},"end":{"line":87,"column":84}},"line":87},"10":{"name":"(anonymous_10)","decl":{"start":{"line":89,"column":37},"end":{"line":89,"column":38}},"loc":{"start":{"line":89,"column":66},"end":{"line":89,"column":89}},"line":89},"11":{"name":"(anonymous_11)","decl":{"start":{"line":126,"column":14},"end":{"line":126,"column":15}},"loc":{"start":{"line":126,"column":19},"end":{"line":126,"column":32}},"line":126},"12":{"name":"(anonymous_12)","decl":{"start":{"line":141,"column":15},"end":{"line":141,"column":16}},"loc":{"start":{"line":141,"column":20},"end":{"line":141,"column":42}},"line":141},"13":{"name":"(anonymous_13)","decl":{"start":{"line":155,"column":14},"end":{"line":155,"column":15}},"loc":{"start":{"line":155,"column":19},"end":{"line":155,"column":39}},"line":155}},"branchMap":{"0":{"loc":{"start":{"line":72,"column":6},"end":{"line":75,"column":7}},"type":"if","locations":[{"start":{"line":72,"column":6},"end":{"line":75,"column":7}},{"start":{},"end":{}}],"line":72},"1":{"loc":{"start":{"line":72,"column":9},"end":{"line":72,"column":103}},"type":"binary-expr","locations":[{"start":{"line":72,"column":9},"end":{"line":72,"column":48}},{"start":{"line":72,"column":52},"end":{"line":72,"column":76}},{"start":{"line":72,"column":80},"end":{"line":72,"column":103}}],"line":72},"2":{"loc":{"start":{"line":74,"column":6},"end":{"line":74,"column":49}},"type":"binary-expr","locations":[{"start":{"line":74,"column":6},"end":{"line":74,"column":23}},{"start":{"line":74,"column":27},"end":{"line":74,"column":49}}],"line":74},"3":{"loc":{"start":{"line":83,"column":6},"end":{"line":83,"column":42}},"type":"binary-expr","locations":[{"start":{"line":83,"column":6},"end":{"line":83,"column":21}},{"start":{"line":83,"column":24},"end":{"line":83,"column":42}}],"line":83},"4":{"loc":{"start":{"line":91,"column":6},"end":{"line":91,"column":42}},"type":"binary-expr","locations":[{"start":{"line":91,"column":6},"end":{"line":91,"column":21}},{"start":{"line":91,"column":24},"end":{"line":91,"column":42}}],"line":91},"5":{"loc":{"start":{"line":112,"column":21},"end":{"line":114,"column":88}},"type":"binary-expr","locations":[{"start":{"line":112,"column":21},"end":{"line":112,"column":36}},{"start":{"line":113,"column":20},"end":{"line":114,"column":88}}],"line":112},"6":{"loc":{"start":{"line":118,"column":7},"end":{"line":118,"column":64}},"type":"binary-expr","locations":[{"start":{"line":118,"column":7},"end":{"line":118,"column":17}},{"start":{"line":118,"column":21},"end":{"line":118,"column":64}}],"line":118},"7":{"loc":{"start":{"line":119,"column":10},"end":{"line":131,"column":22}},"type":"binary-expr","locations":[{"start":{"line":119,"column":10},"end":{"line":119,"column":30}},{"start":{"line":120,"column":8},"end":{"line":131,"column":22}}],"line":119},"8":{"loc":{"start":{"line":135,"column":8},"end":{"line":145,"column":32}},"type":"binary-expr","locations":[{"start":{"line":135,"column":8},"end":{"line":135,"column":33}},{"start":{"line":135,"column":37},"end":{"line":145,"column":32}}],"line":135},"9":{"loc":{"start":{"line":149,"column":8},"end":{"line":159,"column":32}},"type":"binary-expr","locations":[{"start":{"line":149,"column":8},"end":{"line":149,"column":35}},{"start":{"line":149,"column":40},"end":{"line":159,"column":32}}],"line":149},"10":{"loc":{"start":{"line":161,"column":7},"end":{"line":161,"column":125}},"type":"binary-expr","locations":[{"start":{"line":161,"column":7},"end":{"line":161,"column":33}},{"start":{"line":161,"column":37},"end":{"line":161,"column":125}}],"line":161},"11":{"loc":{"start":{"line":163,"column":7},"end":{"line":163,"column":126}},"type":"binary-expr","locations":[{"start":{"line":163,"column":7},"end":{"line":163,"column":33}},{"start":{"line":163,"column":37},"end":{"line":163,"column":126}}],"line":163}},"s":{"0":6,"1":2,"2":6,"3":6,"4":2,"5":2,"6":0,"7":0,"8":0,"9":0,"10":0,"11":0,"12":0,"13":2,"14":0,"15":0,"16":0,"17":0,"18":0,"19":0,"20":0,"21":2,"22":0,"23":0,"24":0,"25":0,"26":0,"27":0,"28":0,"29":2,"30":0,"31":0,"32":0},"f":{"0":2,"1":2,"2":0,"3":0,"4":0,"5":0,"6":0,"7":0,"8":0,"9":0,"10":0,"11":0,"12":0,"13":0},"b":{"0":[0,0],"1":[0,0,0],"2":[0,0],"3":[0,0],"4":[0,0],"5":[2,0],"6":[2,0],"7":[2,1],"8":[2,0],"9":[2,1],"10":[2,0],"11":[2,1]},"_coverageSchema":"1a1c01bbd47fc00a2c39e90264f33305004495a9","hash":"7c0c3dfb1877f6fbdd585eb82833397ddefc162e"}
,"/home/binduk/REACT/blinkist-react/src/organisms/SearchBar/SearchBar.tsx": {"path":"/home/binduk/REACT/blinkist-react/src/organisms/SearchBar/SearchBar.tsx","statementMap":{"0":{"start":{"line":8,"column":18},"end":{"line":14,"column":3}},"1":{"start":{"line":8,"column":39},"end":{"line":14,"column":1}},"2":{"start":{"line":30,"column":19},"end":{"line":36,"column":2}},"3":{"start":{"line":38,"column":19},"end":{"line":44,"column":3}},"4":{"start":{"line":45,"column":13},"end":{"line":45,"column":37}},"5":{"start":{"line":46,"column":16},"end":{"line":46,"column":27}},"6":{"start":{"line":48,"column":21},"end":{"line":50,"column":86}},"7":{"start":{"line":52,"column":12},"end":{"line":52,"column":38}},"8":{"start":{"line":53,"column":17},"end":{"line":53,"column":28}},"9":{"start":{"line":55,"column":19},"end":{"line":57,"column":129}},"10":{"start":{"line":59,"column":12},"end":{"line":59,"column":36}},"11":{"start":{"line":60,"column":16},"end":{"line":60,"column":27}},"12":{"start":{"line":62,"column":16},"end":{"line":132,"column":1}},"13":{"start":{"line":63,"column":36},"end":{"line":63,"column":48}},"14":{"start":{"line":64,"column":16},"end":{"line":64,"column":27}},"15":{"start":{"line":65,"column":4},"end":{"line":130,"column":6}},"16":{"start":{"line":69,"column":14},"end":{"line":69,"column":44}},"17":{"start":{"line":85,"column":6},"end":{"line":89,"column":7}},"18":{"start":{"line":86,"column":8},"end":{"line":86,"column":18}},"19":{"start":{"line":87,"column":11},"end":{"line":89,"column":7}},"20":{"start":{"line":88,"column":8},"end":{"line":88,"column":18}},"21":{"start":{"line":90,"column":4},"end":{"line":97,"column":10}},"22":{"start":{"line":105,"column":6},"end":{"line":109,"column":7}},"23":{"start":{"line":106,"column":8},"end":{"line":106,"column":18}},"24":{"start":{"line":107,"column":11},"end":{"line":109,"column":7}},"25":{"start":{"line":108,"column":8},"end":{"line":108,"column":18}},"26":{"start":{"line":109,"column":32},"end":{"line":112,"column":14}},"27":{"start":{"line":120,"column":6},"end":{"line":124,"column":7}},"28":{"start":{"line":121,"column":8},"end":{"line":121,"column":18}},"29":{"start":{"line":122,"column":11},"end":{"line":124,"column":7}},"30":{"start":{"line":123,"column":8},"end":{"line":123,"column":18}},"31":{"start":{"line":124,"column":32},"end":{"line":127,"column":11}}},"fnMap":{"0":{"name":"(anonymous_0)","decl":{"start":{"line":8,"column":29},"end":{"line":8,"column":30}},"loc":{"start":{"line":8,"column":39},"end":{"line":14,"column":1}},"line":8},"1":{"name":"(anonymous_1)","decl":{"start":{"line":62,"column":16},"end":{"line":62,"column":17}},"loc":{"start":{"line":62,"column":32},"end":{"line":132,"column":1}},"line":62},"2":{"name":"(anonymous_2)","decl":{"start":{"line":68,"column":89},"end":{"line":68,"column":90}},"loc":{"start":{"line":68,"column":94},"end":{"line":70,"column":15}},"line":68},"3":{"name":"(anonymous_3)","decl":{"start":{"line":84,"column":21},"end":{"line":84,"column":22}},"loc":{"start":{"line":84,"column":32},"end":{"line":89,"column":8}},"line":84},"4":{"name":"(anonymous_4)","decl":{"start":{"line":89,"column":14},"end":{"line":89,"column":15}},"loc":{"start":{"line":89,"column":35},"end":{"line":97,"column":12}},"line":89},"5":{"name":"(anonymous_5)","decl":{"start":{"line":104,"column":19},"end":{"line":104,"column":20}},"loc":{"start":{"line":104,"column":30},"end":{"line":109,"column":8}},"line":104},"6":{"name":"(anonymous_6)","decl":{"start":{"line":109,"column":14},"end":{"line":109,"column":15}},"loc":{"start":{"line":109,"column":32},"end":{"line":112,"column":14}},"line":109},"7":{"name":"(anonymous_7)","decl":{"start":{"line":119,"column":20},"end":{"line":119,"column":21}},"loc":{"start":{"line":119,"column":31},"end":{"line":124,"column":8}},"line":119},"8":{"name":"(anonymous_8)","decl":{"start":{"line":124,"column":14},"end":{"line":124,"column":15}},"loc":{"start":{"line":124,"column":32},"end":{"line":127,"column":11}},"line":124}},"branchMap":{"0":{"loc":{"start":{"line":85,"column":6},"end":{"line":89,"column":7}},"type":"if","locations":[{"start":{"line":85,"column":6},"end":{"line":89,"column":7}},{"start":{"line":87,"column":11},"end":{"line":89,"column":7}}],"line":85},"1":{"loc":{"start":{"line":87,"column":11},"end":{"line":89,"column":7}},"type":"if","locations":[{"start":{"line":87,"column":11},"end":{"line":89,"column":7}},{"start":{},"end":{}}],"line":87},"2":{"loc":{"start":{"line":87,"column":15},"end":{"line":87,"column":135}},"type":"binary-expr","locations":[{"start":{"line":87,"column":15},"end":{"line":87,"column":72}},{"start":{"line":87,"column":76},"end":{"line":87,"column":135}}],"line":87},"3":{"loc":{"start":{"line":91,"column":10},"end":{"line":93,"column":32}},"type":"binary-expr","locations":[{"start":{"line":91,"column":10},"end":{"line":91,"column":46}},{"start":{"line":92,"column":4},"end":{"line":93,"column":32}}],"line":91},"4":{"loc":{"start":{"line":94,"column":5},"end":{"line":95,"column":32}},"type":"binary-expr","locations":[{"start":{"line":94,"column":5},"end":{"line":94,"column":42}},{"start":{"line":94,"column":46},"end":{"line":95,"column":32}}],"line":94},"5":{"loc":{"start":{"line":105,"column":6},"end":{"line":109,"column":7}},"type":"if","locations":[{"start":{"line":105,"column":6},"end":{"line":109,"column":7}},{"start":{"line":107,"column":11},"end":{"line":109,"column":7}}],"line":105},"6":{"loc":{"start":{"line":107,"column":11},"end":{"line":109,"column":7}},"type":"if","locations":[{"start":{"line":107,"column":11},"end":{"line":109,"column":7}},{"start":{},"end":{}}],"line":107},"7":{"loc":{"start":{"line":107,"column":15},"end":{"line":107,"column":135}},"type":"binary-expr","locations":[{"start":{"line":107,"column":15},"end":{"line":107,"column":72}},{"start":{"line":107,"column":76},"end":{"line":107,"column":135}}],"line":107},"8":{"loc":{"start":{"line":120,"column":6},"end":{"line":124,"column":7}},"type":"if","locations":[{"start":{"line":120,"column":6},"end":{"line":124,"column":7}},{"start":{"line":122,"column":11},"end":{"line":124,"column":7}}],"line":120},"9":{"loc":{"start":{"line":122,"column":11},"end":{"line":124,"column":7}},"type":"if","locations":[{"start":{"line":122,"column":11},"end":{"line":124,"column":7}},{"start":{},"end":{}}],"line":122},"10":{"loc":{"start":{"line":122,"column":15},"end":{"line":122,"column":135}},"type":"binary-expr","locations":[{"start":{"line":122,"column":15},"end":{"line":122,"column":72}},{"start":{"line":122,"column":76},"end":{"line":122,"column":135}}],"line":122}},"s":{"0":2,"1":0,"2":2,"3":2,"4":2,"5":2,"6":2,"7":2,"8":2,"9":2,"10":2,"11":2,"12":2,"13":0,"14":0,"15":0,"16":0,"17":0,"18":0,"19":0,"20":0,"21":0,"22":0,"23":0,"24":0,"25":0,"26":0,"27":0,"28":0,"29":0,"30":0,"31":0},"f":{"0":0,"1":0,"2":0,"3":0,"4":0,"5":0,"6":0,"7":0,"8":0},"b":{"0":[0,0],"1":[0,0],"2":[0,0],"3":[0,0],"4":[0,0],"5":[0,0],"6":[0,0],"7":[0,0],"8":[0,0],"9":[0,0],"10":[0,0]},"_coverageSchema":"1a1c01bbd47fc00a2c39e90264f33305004495a9","hash":"99a5dd91511c3eda35bc29a09b3e96ffc7b0192a"}
,"/home/binduk/REACT/blinkist-react/src/organisms/SwitchTab/SwitchTab.tsx": {"path":"/home/binduk/REACT/blinkist-react/src/organisms/SwitchTab/SwitchTab.tsx","statementMap":{"0":{"start":{"line":8,"column":16},"end":{"line":27,"column":1}},"1":{"start":{"line":9,"column":28},"end":{"line":9,"column":45}},"2":{"start":{"line":10,"column":21},"end":{"line":12,"column":9}},"3":{"start":{"line":11,"column":8},"end":{"line":11,"column":21}},"4":{"start":{"line":13,"column":20},"end":{"line":15,"column":5}},"5":{"start":{"line":14,"column":8},"end":{"line":14,"column":21}},"6":{"start":{"line":16,"column":4},"end":{"line":26,"column":6}}},"fnMap":{"0":{"name":"(anonymous_0)","decl":{"start":{"line":8,"column":16},"end":{"line":8,"column":17}},"loc":{"start":{"line":8,"column":32},"end":{"line":27,"column":1}},"line":8},"1":{"name":"(anonymous_1)","decl":{"start":{"line":10,"column":21},"end":{"line":10,"column":22}},"loc":{"start":{"line":10,"column":77},"end":{"line":12,"column":9}},"line":10},"2":{"name":"(anonymous_2)","decl":{"start":{"line":13,"column":20},"end":{"line":13,"column":21}},"loc":{"start":{"line":13,"column":34},"end":{"line":15,"column":5}},"line":13}},"branchMap":{"0":{"loc":{"start":{"line":23,"column":6},"end":{"line":23,"column":126}},"type":"binary-expr","locations":[{"start":{"line":23,"column":6},"end":{"line":23,"column":17}},{"start":{"line":23,"column":21},"end":{"line":23,"column":126}}],"line":23},"1":{"loc":{"start":{"line":24,"column":6},"end":{"line":24,"column":127}},"type":"binary-expr","locations":[{"start":{"line":24,"column":6},"end":{"line":24,"column":17}},{"start":{"line":24,"column":21},"end":{"line":24,"column":127}}],"line":24}},"s":{"0":2,"1":4,"2":2,"3":0,"4":2,"5":0,"6":2},"f":{"0":4,"1":0,"2":0},"b":{"0":[2,2],"1":[2,0]},"_coverageSchema":"1a1c01bbd47fc00a2c39e90264f33305004495a9","hash":"175cf3651b81c89782af4432d251c71cebadfba7"}
,"/home/binduk/REACT/blinkist-react/src/utils/CLOSEDBOOK.tsx": {"path":"/home/binduk/REACT/blinkist-react/src/utils/CLOSEDBOOK.tsx","statementMap":{"0":{"start":{"line":1,"column":24},"end":{"line":1,"column":151}},"1":{"start":{"line":2,"column":12},"end":{"line":2,"column":41}},"2":{"start":{"line":3,"column":18},"end":{"line":3,"column":28}}},"fnMap":{},"branchMap":{},"s":{"0":7,"1":7,"2":7},"f":{},"b":{},"_coverageSchema":"1a1c01bbd47fc00a2c39e90264f33305004495a9","hash":"3845e9a94a1640a73d32c9b83e82ee96b5090dbb"}
,"/home/binduk/REACT/blinkist-react/src/utils/OPENBOOK.tsx": {"path":"/home/binduk/REACT/blinkist-react/src/utils/OPENBOOK.tsx","statementMap":{"0":{"start":{"line":1,"column":23},"end":{"line":36,"column":3}},"1":{"start":{"line":37,"column":12},"end":{"line":37,"column":40}},"2":{"start":{"line":38,"column":16},"end":{"line":38,"column":26}}},"fnMap":{},"branchMap":{},"s":{"0":7,"1":7,"2":7},"f":{},"b":{},"_coverageSchema":"1a1c01bbd47fc00a2c39e90264f33305004495a9","hash":"a8ad1794f4b8e4d118cc0f1cc7de2dd5f76ff8f1"}
,"/home/binduk/REACT/blinkist-react/src/utils/BookDetail/BookDetail.tsx": {"path":"/home/binduk/REACT/blinkist-react/src/utils/BookDetail/BookDetail.tsx","statementMap":{"0":{"start":{"line":13,"column":18},"end":{"line":51,"column":3}},"1":{"start":{"line":13,"column":41},"end":{"line":51,"column":1}},"2":{"start":{"line":52,"column":17},"end":{"line":86,"column":1}},"3":{"start":{"line":53,"column":19},"end":{"line":53,"column":30}},"4":{"start":{"line":54,"column":17},"end":{"line":59,"column":5}},"5":{"start":{"line":56,"column":12},"end":{"line":56,"column":156}},"6":{"start":{"line":57,"column":12},"end":{"line":57,"column":33}},"7":{"start":{"line":58,"column":12},"end":{"line":58,"column":35}},"8":{"start":{"line":60,"column":4},"end":{"line":85,"column":6}},"9":{"start":{"line":71,"column":62},"end":{"line":71,"column":99}}},"fnMap":{"0":{"name":"(anonymous_0)","decl":{"start":{"line":13,"column":29},"end":{"line":13,"column":30}},"loc":{"start":{"line":13,"column":41},"end":{"line":51,"column":1}},"line":13},"1":{"name":"(anonymous_1)","decl":{"start":{"line":52,"column":17},"end":{"line":52,"column":18}},"loc":{"start":{"line":52,"column":33},"end":{"line":86,"column":1}},"line":52},"2":{"name":"(anonymous_2)","decl":{"start":{"line":54,"column":17},"end":{"line":54,"column":18}},"loc":{"start":{"line":54,"column":96},"end":{"line":59,"column":5}},"line":54},"3":{"name":"(anonymous_3)","decl":{"start":{"line":71,"column":57},"end":{"line":71,"column":58}},"loc":{"start":{"line":71,"column":62},"end":{"line":71,"column":99}},"line":71}},"branchMap":{},"s":{"0":2,"1":1,"2":2,"3":1,"4":1,"5":0,"6":0,"7":0,"8":1,"9":0},"f":{"0":1,"1":1,"2":0,"3":0},"b":{},"_coverageSchema":"1a1c01bbd47fc00a2c39e90264f33305004495a9","hash":"3710f07f08d44db7d89bc36459a7dfd6f99df8b5"}
,"/home/binduk/REACT/blinkist-react/src/utils/CurrentBooks/CurrentBooks.tsx": {"path":"/home/binduk/REACT/blinkist-react/src/utils/CurrentBooks/CurrentBooks.tsx","statementMap":{"0":{"start":{"line":19,"column":4},"end":{"line":35,"column":6}},"1":{"start":{"line":23,"column":6},"end":{"line":28,"column":7}},"2":{"start":{"line":24,"column":8},"end":{"line":24,"column":18}},"3":{"start":{"line":25,"column":11},"end":{"line":28,"column":7}},"4":{"start":{"line":27,"column":8},"end":{"line":27,"column":18}},"5":{"start":{"line":28,"column":32},"end":{"line":32,"column":14}}},"fnMap":{"0":{"name":"CurrentBooks","decl":{"start":{"line":18,"column":9},"end":{"line":18,"column":21}},"loc":{"start":{"line":18,"column":34},"end":{"line":36,"column":1}},"line":18},"1":{"name":"(anonymous_1)","decl":{"start":{"line":22,"column":24},"end":{"line":22,"column":25}},"loc":{"start":{"line":22,"column":35},"end":{"line":28,"column":8}},"line":22},"2":{"name":"(anonymous_2)","decl":{"start":{"line":28,"column":14},"end":{"line":28,"column":15}},"loc":{"start":{"line":28,"column":32},"end":{"line":32,"column":14}},"line":28}},"branchMap":{"0":{"loc":{"start":{"line":23,"column":6},"end":{"line":28,"column":7}},"type":"if","locations":[{"start":{"line":23,"column":6},"end":{"line":28,"column":7}},{"start":{"line":25,"column":11},"end":{"line":28,"column":7}}],"line":23},"1":{"loc":{"start":{"line":25,"column":11},"end":{"line":28,"column":7}},"type":"if","locations":[{"start":{"line":25,"column":11},"end":{"line":28,"column":7}},{"start":{},"end":{}}],"line":25},"2":{"loc":{"start":{"line":25,"column":15},"end":{"line":26,"column":74}},"type":"binary-expr","locations":[{"start":{"line":25,"column":15},"end":{"line":25,"column":78}},{"start":{"line":26,"column":9},"end":{"line":26,"column":74}}],"line":25}},"s":{"0":9,"1":0,"2":0,"3":0,"4":0,"5":0},"f":{"0":9,"1":0,"2":0},"b":{"0":[0,0],"1":[0,0],"2":[0,0]},"_coverageSchema":"1a1c01bbd47fc00a2c39e90264f33305004495a9","hash":"cf60e02f2d0ac84230e9b7c260bd02fe847ce861"}
,"/home/binduk/REACT/blinkist-react/src/utils/FinishedBooks/FinishedBooks.tsx": {"path":"/home/binduk/REACT/blinkist-react/src/utils/FinishedBooks/FinishedBooks.tsx","statementMap":{"0":{"start":{"line":19,"column":4},"end":{"line":36,"column":6}},"1":{"start":{"line":23,"column":6},"end":{"line":28,"column":7}},"2":{"start":{"line":24,"column":8},"end":{"line":24,"column":18}},"3":{"start":{"line":25,"column":11},"end":{"line":28,"column":7}},"4":{"start":{"line":27,"column":8},"end":{"line":27,"column":18}},"5":{"start":{"line":28,"column":32},"end":{"line":33,"column":14}}},"fnMap":{"0":{"name":"FinishedBooks","decl":{"start":{"line":18,"column":9},"end":{"line":18,"column":22}},"loc":{"start":{"line":18,"column":35},"end":{"line":37,"column":1}},"line":18},"1":{"name":"(anonymous_1)","decl":{"start":{"line":22,"column":26},"end":{"line":22,"column":27}},"loc":{"start":{"line":22,"column":37},"end":{"line":28,"column":8}},"line":22},"2":{"name":"(anonymous_2)","decl":{"start":{"line":28,"column":14},"end":{"line":28,"column":15}},"loc":{"start":{"line":28,"column":32},"end":{"line":33,"column":14}},"line":28}},"branchMap":{"0":{"loc":{"start":{"line":23,"column":6},"end":{"line":28,"column":7}},"type":"if","locations":[{"start":{"line":23,"column":6},"end":{"line":28,"column":7}},{"start":{"line":25,"column":11},"end":{"line":28,"column":7}}],"line":23},"1":{"loc":{"start":{"line":25,"column":11},"end":{"line":28,"column":7}},"type":"if","locations":[{"start":{"line":25,"column":11},"end":{"line":28,"column":7}},{"start":{},"end":{}}],"line":25},"2":{"loc":{"start":{"line":25,"column":15},"end":{"line":26,"column":74}},"type":"binary-expr","locations":[{"start":{"line":25,"column":15},"end":{"line":25,"column":78}},{"start":{"line":26,"column":9},"end":{"line":26,"column":74}}],"line":25}},"s":{"0":3,"1":0,"2":0,"3":0,"4":0,"5":0},"f":{"0":3,"1":0,"2":0},"b":{"0":[0,0],"1":[0,0],"2":[0,0]},"_coverageSchema":"1a1c01bbd47fc00a2c39e90264f33305004495a9","hash":"1834470403b23a587b638d682ccb6b6cdbb5f687"}
}
