TN:
SF:src/atoms/Icons/Icons.tsx
FN:7,(anonymous_0)
FNF:1
FNH:1
FNDA:6,(anonymous_0)
DA:7,2
DA:8,6
LF:2
LH:2
BRF:0
BRH:0
end_of_record
TN:
SF:src/atoms/Image/Image.tsx
FN:9,(anonymous_0)
FNF:1
FNH:1
FNDA:35,(anonymous_0)
DA:9,9
DA:10,35
LF:2
LH:2
BRF:0
BRH:0
end_of_record
TN:
SF:src/atoms/User/User.tsx
FN:7,(anonymous_0)
FNF:1
FNH:1
FNDA:6,(anonymous_0)
DA:7,2
DA:8,6
LF:2
LH:2
BRF:0
BRH:0
end_of_record
TN:
SF:src/molecules/Banner/Banner.tsx
FN:10,(anonymous_0)
FN:14,(anonymous_1)
FNF:2
FNH:2
FNDA:1,(anonymous_0)
FNDA:1,(anonymous_1)
DA:10,1
DA:14,1
DA:15,1
DA:16,1
LF:4
LH:4
BRF:0
BRH:0
end_of_record
TN:
SF:src/molecules/Footer/Footer.tsx
FN:5,(anonymous_0)
FN:26,Footer
FNF:2
FNH:2
FNDA:1,(anonymous_0)
FNDA:1,Footer
DA:5,1
DA:27,1
DA:28,1
LF:3
LH:3
BRF:0
BRH:0
end_of_record
TN:
SF:src/molecules/Heading/Heading.tsx
FN:8,(anonymous_0)
FN:16,(anonymous_1)
FNF:2
FNH:2
FNDA:1,(anonymous_0)
FNDA:1,(anonymous_1)
DA:8,1
DA:16,1
DA:17,1
DA:18,1
LF:4
LH:4
BRF:0
BRH:0
end_of_record
TN:
SF:src/molecules/MyTabs/MyTabs.tsx
FN:6,(anonymous_0)
FNF:1
FNH:1
FNDA:2,(anonymous_0)
DA:6,2
DA:7,2
LF:2
LH:2
BRF:0
BRH:0
end_of_record
TN:
SF:src/organisms/Dropdown/Dropdown.tsx
FN:31,(anonymous_0)
FN:116,(anonymous_1)
FN:121,(anonymous_2)
FN:124,(anonymous_3)
FN:129,(anonymous_4)
FN:133,(anonymous_5)
FN:149,(anonymous_6)
FN:158,(anonymous_7)
FN:171,(anonymous_8)
FN:176,(anonymous_9)
FN:182,(anonymous_10)
FN:222,(anonymous_11)
FNF:12
FNH:8
FNDA:1,(anonymous_0)
FNDA:5,(anonymous_1)
FNDA:2,(anonymous_2)
FNDA:2,(anonymous_3)
FNDA:0,(anonymous_4)
FNDA:0,(anonymous_5)
FNDA:1,(anonymous_6)
FNDA:2,(anonymous_7)
FNDA:0,(anonymous_8)
FNDA:1,(anonymous_9)
FNDA:1,(anonymous_10)
FNDA:0,(anonymous_11)
DA:31,1
DA:94,1
DA:116,1
DA:117,5
DA:118,5
DA:120,5
DA:121,5
DA:122,2
DA:124,5
DA:125,2
DA:126,2
DA:129,5
DA:130,0
DA:131,0
DA:133,5
DA:134,0
DA:137,5
DA:149,1
DA:158,2
DA:171,0
DA:177,1
DA:182,1
DA:222,0
LF:23
LH:18
BRDA:122,0,0,1
BRDA:122,0,1,1
BRDA:126,1,0,2
BRDA:126,1,1,1
BRDA:131,2,0,0
BRDA:131,2,1,0
BRDA:152,3,0,5
BRDA:152,3,1,4
BRDA:163,4,0,4
BRDA:163,4,1,3
BRDA:164,5,0,4
BRDA:164,5,1,1
BRDA:174,6,0,5
BRDA:174,6,1,1
BRDA:190,7,0,5
BRDA:190,7,1,4
BRDA:193,8,0,5
BRDA:193,8,1,1
BRDA:210,9,0,5
BRDA:210,9,1,1
BRF:20
BRH:18
end_of_record
TN:
SF:src/organisms/MyCard/MyCard.tsx
FN:13,(anonymous_0)
FN:68,(anonymous_1)
FN:70,(anonymous_2)
FN:71,(anonymous_3)
FN:72,(anonymous_4)
FN:79,(anonymous_5)
FN:80,(anonymous_6)
FN:82,(anonymous_7)
FN:87,(anonymous_8)
FN:88,(anonymous_9)
FN:90,(anonymous_10)
FN:127,(anonymous_11)
FN:142,(anonymous_12)
FN:156,(anonymous_13)
FNF:14
FNH:2
FNDA:7,(anonymous_0)
FNDA:27,(anonymous_1)
FNDA:0,(anonymous_2)
FNDA:0,(anonymous_3)
FNDA:0,(anonymous_4)
FNDA:0,(anonymous_5)
FNDA:0,(anonymous_6)
FNDA:0,(anonymous_7)
FNDA:0,(anonymous_8)
FNDA:0,(anonymous_9)
FNDA:0,(anonymous_10)
FNDA:0,(anonymous_11)
FNDA:0,(anonymous_12)
FNDA:0,(anonymous_13)
DA:13,7
DA:56,5
DA:68,5
DA:69,27
DA:70,27
DA:71,0
DA:72,0
DA:73,0
DA:74,0
DA:75,0
DA:79,27
DA:80,0
DA:81,0
DA:82,0
DA:83,0
DA:84,0
DA:87,27
DA:88,0
DA:89,0
DA:90,0
DA:91,0
DA:92,0
DA:95,27
DA:127,0
DA:142,0
DA:156,0
LF:26
LH:8
BRDA:73,0,0,0
BRDA:73,0,1,0
BRDA:73,1,0,0
BRDA:73,1,1,0
BRDA:73,1,2,0
BRDA:75,2,0,0
BRDA:75,2,1,0
BRDA:84,3,0,0
BRDA:84,3,1,0
BRDA:92,4,0,0
BRDA:92,4,1,0
BRDA:113,5,0,27
BRDA:113,5,1,7
BRDA:119,6,0,27
BRDA:119,6,1,5
BRDA:120,7,0,27
BRDA:120,7,1,8
BRDA:136,8,0,27
BRDA:136,8,1,11
BRDA:150,9,0,27
BRDA:150,9,1,3
BRDA:162,10,0,27
BRDA:162,10,1,16
BRDA:164,11,0,27
BRDA:164,11,1,3
BRF:25
BRH:14
end_of_record
TN:
SF:src/organisms/SearchBar/SearchBar.tsx
FN:8,(anonymous_0)
FN:64,(anonymous_1)
FN:70,(anonymous_2)
FN:81,condition
FN:92,(anonymous_4)
FN:92,(anonymous_5)
FN:107,(anonymous_6)
FN:107,(anonymous_7)
FN:117,(anonymous_8)
FN:117,(anonymous_9)
FN:129,condition
FNF:11
FNH:10
FNDA:1,(anonymous_0)
FNDA:3,(anonymous_1)
FNDA:1,(anonymous_2)
FNDA:0,condition
FNDA:12,(anonymous_4)
FNDA:6,(anonymous_5)
FNDA:6,(anonymous_6)
FNDA:3,(anonymous_7)
FNDA:6,(anonymous_8)
FNDA:3,(anonymous_9)
FNDA:24,condition
DA:8,1
DA:30,1
DA:38,1
DA:45,1
DA:46,1
DA:48,1
DA:52,1
DA:53,1
DA:55,1
DA:59,1
DA:60,1
DA:64,1
DA:65,3
DA:66,2
DA:67,2
DA:71,1
DA:82,0
DA:83,0
DA:84,0
DA:85,0
DA:92,12
DA:93,6
DA:107,6
DA:117,6
DA:130,24
DA:131,12
DA:132,12
DA:133,0
LF:28
LH:23
BRDA:82,0,0,0
BRDA:82,0,1,0
BRDA:84,1,0,0
BRDA:84,1,1,0
BRDA:84,2,0,0
BRDA:84,2,1,0
BRDA:94,3,0,6
BRDA:94,3,1,5
BRDA:97,4,0,6
BRDA:97,4,1,1
BRDA:130,5,0,12
BRDA:130,5,1,12
BRDA:132,6,0,0
BRDA:132,6,1,12
BRDA:132,7,0,12
BRDA:132,7,1,12
BRF:16
BRH:9
end_of_record
TN:
SF:src/organisms/SwitchTab/SwitchTab.tsx
FN:8,(anonymous_0)
FN:10,(anonymous_1)
FN:13,(anonymous_2)
FNF:3
FNH:2
FNDA:3,(anonymous_0)
FNDA:1,(anonymous_1)
FNDA:0,(anonymous_2)
DA:8,1
DA:9,3
DA:10,2
DA:11,1
DA:13,2
DA:14,0
DA:16,2
LF:7
LH:6
BRDA:23,0,0,2
BRDA:23,0,1,1
BRDA:24,1,0,2
BRDA:24,1,1,1
BRF:4
BRH:4
end_of_record
TN:
SF:src/utils/CLOSEDBOOK.tsx
FNF:0
FNH:0
DA:1,6
DA:2,6
DA:3,6
LF:3
LH:3
BRF:0
BRH:0
end_of_record
TN:
SF:src/utils/OPENBOOK.tsx
FNF:0
FNH:0
DA:1,6
DA:37,6
DA:38,6
LF:3
LH:3
BRF:0
BRH:0
end_of_record
TN:
SF:src/utils/BookDetail/BookDetail.tsx
FN:13,(anonymous_0)
FN:52,(anonymous_1)
FN:54,(anonymous_2)
FN:70,(anonymous_3)
FNF:4
FNH:2
FNDA:1,(anonymous_0)
FNDA:1,(anonymous_1)
FNDA:0,(anonymous_2)
FNDA:0,(anonymous_3)
DA:13,1
DA:52,1
DA:53,1
DA:54,1
DA:55,0
DA:56,0
DA:57,0
DA:59,1
DA:70,0
LF:9
LH:5
BRF:0
BRH:0
end_of_record
TN:
SF:src/utils/CurrentBooks/CurrentBooks.tsx
FN:19,CurrentBooks
FN:23,(anonymous_1)
FN:29,(anonymous_2)
FNF:3
FNH:3
FNDA:4,CurrentBooks
FNDA:20,(anonymous_1)
FNDA:10,(anonymous_2)
DA:20,4
DA:24,20
DA:25,9
DA:26,9
DA:28,1
DA:29,10
LF:6
LH:6
BRDA:24,0,0,9
BRDA:24,0,1,9
BRDA:26,1,0,1
BRDA:26,1,1,8
BRDA:26,2,0,9
BRDA:26,2,1,8
BRF:6
BRH:6
end_of_record
TN:
SF:src/utils/FinishedBooks/FinishedBooks.tsx
FN:19,FinishedBooks
FN:23,(anonymous_1)
FN:29,(anonymous_2)
FNF:3
FNH:3
FNDA:4,FinishedBooks
FNDA:4,(anonymous_1)
FNDA:2,(anonymous_2)
DA:20,4
DA:24,4
DA:25,1
DA:26,1
DA:28,1
DA:29,2
LF:6
LH:6
BRDA:24,0,0,1
BRDA:24,0,1,1
BRDA:26,1,0,1
BRDA:26,1,1,0
BRDA:26,2,0,1
BRDA:26,2,1,0
BRF:6
BRH:4
end_of_record
