TN:
SF:src/atoms/Icons/Icons.tsx
FN:7,(anonymous_0)
FNF:1
FNH:1
FNDA:6,(anonymous_0)
DA:7,2
DA:8,6
LF:2
LH:2
BRF:0
BRH:0
end_of_record
TN:
SF:src/atoms/Image/Image.tsx
FN:9,(anonymous_0)
FNF:1
FNH:1
FNDA:34,(anonymous_0)
DA:9,9
DA:10,34
LF:2
LH:2
BRF:0
BRH:0
end_of_record
TN:
SF:src/atoms/User/User.tsx
FN:7,(anonymous_0)
FNF:1
FNH:1
FNDA:6,(anonymous_0)
DA:7,2
DA:8,6
LF:2
LH:2
BRF:0
BRH:0
end_of_record
TN:
SF:src/molecules/Banner/Banner.tsx
FN:10,(anonymous_0)
FN:14,(anonymous_1)
FNF:2
FNH:2
FNDA:1,(anonymous_0)
FNDA:1,(anonymous_1)
DA:10,1
DA:14,1
DA:15,1
DA:16,1
LF:4
LH:4
BRF:0
BRH:0
end_of_record
TN:
SF:src/molecules/Footer/Footer.tsx
FN:5,(anonymous_0)
FN:26,Footer
FNF:2
FNH:2
FNDA:1,(anonymous_0)
FNDA:1,Footer
DA:5,1
DA:27,1
DA:28,1
LF:3
LH:3
BRF:0
BRH:0
end_of_record
TN:
SF:src/molecules/Heading/Heading.tsx
FN:8,(anonymous_0)
FN:16,(anonymous_1)
FNF:2
FNH:2
FNDA:1,(anonymous_0)
FNDA:1,(anonymous_1)
DA:8,1
DA:16,1
DA:17,1
DA:18,1
LF:4
LH:4
BRF:0
BRH:0
end_of_record
TN:
SF:src/molecules/MyTabs/MyTabs.tsx
FN:6,(anonymous_0)
FNF:1
FNH:1
FNDA:2,(anonymous_0)
DA:6,2
DA:7,2
LF:2
LH:2
BRF:0
BRH:0
end_of_record
TN:
SF:src/organisms/Dropdown/Dropdown.tsx
FN:31,(anonymous_0)
FN:116,(anonymous_1)
FN:121,(anonymous_2)
FN:124,(anonymous_3)
FN:129,(anonymous_4)
FN:133,(anonymous_5)
FN:149,(anonymous_6)
FN:158,(anonymous_7)
FN:171,(anonymous_8)
FN:176,(anonymous_9)
FN:182,(anonymous_10)
FN:222,(anonymous_11)
FNF:12
FNH:8
FNDA:1,(anonymous_0)
FNDA:5,(anonymous_1)
FNDA:2,(anonymous_2)
FNDA:2,(anonymous_3)
FNDA:0,(anonymous_4)
FNDA:0,(anonymous_5)
FNDA:1,(anonymous_6)
FNDA:2,(anonymous_7)
FNDA:0,(anonymous_8)
FNDA:1,(anonymous_9)
FNDA:1,(anonymous_10)
FNDA:0,(anonymous_11)
DA:31,1
DA:94,1
DA:116,1
DA:117,5
DA:118,5
DA:120,5
DA:121,5
DA:122,2
DA:124,5
DA:125,2
DA:126,2
DA:129,5
DA:130,0
DA:131,0
DA:133,5
DA:134,0
DA:137,5
DA:149,1
DA:158,2
DA:171,0
DA:177,1
DA:182,1
DA:222,0
LF:23
LH:18
BRDA:122,0,0,1
BRDA:122,0,1,1
BRDA:126,1,0,2
BRDA:126,1,1,1
BRDA:131,2,0,0
BRDA:131,2,1,0
BRDA:152,3,0,5
BRDA:152,3,1,4
BRDA:163,4,0,4
BRDA:163,4,1,3
BRDA:164,5,0,4
BRDA:164,5,1,1
BRDA:174,6,0,5
BRDA:174,6,1,1
BRDA:190,7,0,5
BRDA:190,7,1,4
BRDA:193,8,0,5
BRDA:193,8,1,1
BRDA:210,9,0,5
BRDA:210,9,1,1
BRF:20
BRH:18
end_of_record
TN:
SF:src/organisms/MyCard/MyCard.tsx
FN:13,(anonymous_0)
FN:67,(anonymous_1)
FN:69,(anonymous_2)
FN:70,(anonymous_3)
FN:71,(anonymous_4)
FN:78,(anonymous_5)
FN:79,(anonymous_6)
FN:81,(anonymous_7)
FN:86,(anonymous_8)
FN:87,(anonymous_9)
FN:89,(anonymous_10)
FN:126,(anonymous_11)
FN:141,(anonymous_12)
FN:155,(anonymous_13)
FNF:14
FNH:2
FNDA:6,(anonymous_0)
FNDA:26,(anonymous_1)
FNDA:0,(anonymous_2)
FNDA:0,(anonymous_3)
FNDA:0,(anonymous_4)
FNDA:0,(anonymous_5)
FNDA:0,(anonymous_6)
FNDA:0,(anonymous_7)
FNDA:0,(anonymous_8)
FNDA:0,(anonymous_9)
FNDA:0,(anonymous_10)
FNDA:0,(anonymous_11)
FNDA:0,(anonymous_12)
FNDA:0,(anonymous_13)
DA:13,6
DA:55,5
DA:67,5
DA:68,26
DA:69,26
DA:70,0
DA:71,0
DA:72,0
DA:73,0
DA:74,0
DA:78,26
DA:79,0
DA:80,0
DA:81,0
DA:82,0
DA:83,0
DA:86,26
DA:87,0
DA:88,0
DA:89,0
DA:90,0
DA:91,0
DA:94,26
DA:126,0
DA:141,0
DA:155,0
LF:26
LH:8
BRDA:72,0,0,0
BRDA:72,0,1,0
BRDA:72,1,0,0
BRDA:72,1,1,0
BRDA:72,1,2,0
BRDA:74,2,0,0
BRDA:74,2,1,0
BRDA:83,3,0,0
BRDA:83,3,1,0
BRDA:91,4,0,0
BRDA:91,4,1,0
BRDA:112,5,0,26
BRDA:112,5,1,7
BRDA:118,6,0,26
BRDA:118,6,1,5
BRDA:119,7,0,26
BRDA:119,7,1,8
BRDA:135,8,0,26
BRDA:135,8,1,10
BRDA:149,9,0,26
BRDA:149,9,1,3
BRDA:161,10,0,26
BRDA:161,10,1,15
BRDA:163,11,0,26
BRDA:163,11,1,3
BRF:25
BRH:14
end_of_record
TN:
SF:src/organisms/SearchBar/SearchBar.tsx
FN:8,(anonymous_0)
FN:62,(anonymous_1)
FN:68,(anonymous_2)
FN:84,(anonymous_3)
FN:89,(anonymous_4)
FN:104,(anonymous_5)
FN:109,(anonymous_6)
FN:119,(anonymous_7)
FN:124,(anonymous_8)
FNF:9
FNH:9
FNDA:1,(anonymous_0)
FNDA:3,(anonymous_1)
FNDA:1,(anonymous_2)
FNDA:12,(anonymous_3)
FNDA:6,(anonymous_4)
FNDA:6,(anonymous_5)
FNDA:3,(anonymous_6)
FNDA:6,(anonymous_7)
FNDA:3,(anonymous_8)
DA:8,1
DA:30,1
DA:38,1
DA:45,1
DA:46,1
DA:48,1
DA:52,1
DA:53,1
DA:55,1
DA:59,1
DA:60,1
DA:62,1
DA:63,3
DA:64,2
DA:65,2
DA:69,1
DA:85,12
DA:86,6
DA:87,6
DA:88,0
DA:90,6
DA:105,6
DA:106,3
DA:107,3
DA:108,0
DA:109,3
DA:120,6
DA:121,3
DA:122,3
DA:123,0
DA:124,3
LF:31
LH:28
BRDA:85,0,0,6
BRDA:85,0,1,6
BRDA:87,1,0,0
BRDA:87,1,1,6
BRDA:87,2,0,6
BRDA:87,2,1,6
BRDA:91,3,0,6
BRDA:91,3,1,5
BRDA:94,4,0,6
BRDA:94,4,1,1
BRDA:105,5,0,3
BRDA:105,5,1,3
BRDA:107,6,0,0
BRDA:107,6,1,3
BRDA:107,7,0,3
BRDA:107,7,1,3
BRDA:120,8,0,3
BRDA:120,8,1,3
BRDA:122,9,0,0
BRDA:122,9,1,3
BRDA:122,10,0,3
BRDA:122,10,1,3
BRF:22
BRH:19
end_of_record
TN:
SF:src/organisms/SwitchTab/SwitchTab.tsx
FN:8,(anonymous_0)
FN:10,(anonymous_1)
FN:13,(anonymous_2)
FNF:3
FNH:2
FNDA:3,(anonymous_0)
FNDA:1,(anonymous_1)
FNDA:0,(anonymous_2)
DA:8,1
DA:9,3
DA:10,2
DA:11,1
DA:13,2
DA:14,0
DA:16,2
LF:7
LH:6
BRDA:23,0,0,2
BRDA:23,0,1,1
BRDA:24,1,0,2
BRDA:24,1,1,1
BRF:4
BRH:4
end_of_record
TN:
SF:src/utils/CLOSEDBOOK.tsx
FNF:0
FNH:0
DA:1,6
DA:2,6
DA:3,6
LF:3
LH:3
BRF:0
BRH:0
end_of_record
TN:
SF:src/utils/OPENBOOK.tsx
FNF:0
FNH:0
DA:1,6
DA:37,6
DA:38,6
LF:3
LH:3
BRF:0
BRH:0
end_of_record
TN:
SF:src/utils/BookDetail/BookDetail.tsx
FN:13,(anonymous_0)
FN:52,(anonymous_1)
FN:54,(anonymous_2)
FN:71,(anonymous_3)
FNF:4
FNH:2
FNDA:1,(anonymous_0)
FNDA:1,(anonymous_1)
FNDA:0,(anonymous_2)
FNDA:0,(anonymous_3)
DA:13,1
DA:52,1
DA:53,1
DA:54,1
DA:56,0
DA:57,0
DA:58,0
DA:60,1
DA:71,0
LF:9
LH:5
BRF:0
BRH:0
end_of_record
TN:
SF:src/utils/CurrentBooks/CurrentBooks.tsx
FN:19,CurrentBooks
FN:23,(anonymous_1)
FN:29,(anonymous_2)
FNF:3
FNH:3
FNDA:4,CurrentBooks
FNDA:20,(anonymous_1)
FNDA:10,(anonymous_2)
DA:20,4
DA:24,20
DA:25,9
DA:26,9
DA:28,1
DA:29,10
LF:6
LH:6
BRDA:24,0,0,9
BRDA:24,0,1,9
BRDA:26,1,0,1
BRDA:26,1,1,8
BRDA:26,2,0,9
BRDA:26,2,1,8
BRF:6
BRH:6
end_of_record
TN:
SF:src/utils/FinishedBooks/FinishedBooks.tsx
FN:19,FinishedBooks
FN:23,(anonymous_1)
FN:29,(anonymous_2)
FNF:3
FNH:3
FNDA:4,FinishedBooks
FNDA:4,(anonymous_1)
FNDA:2,(anonymous_2)
DA:20,4
DA:24,4
DA:25,1
DA:26,1
DA:28,1
DA:29,2
LF:6
LH:6
BRDA:24,0,0,1
BRDA:24,0,1,1
BRDA:26,1,0,1
BRDA:26,1,1,0
BRDA:26,2,0,1
BRDA:26,2,1,0
BRF:6
BRH:4
end_of_record
